app/build/intermediates/manifest_merge_blame_file/debug/processDebugMainManifest/manifest-merger-blame-debug-report.txt
1<?xml version="1.0" encoding="utf-8"?>
2<manifest xmlns:android="http://schemas.android.com/apk/res/android"
3    package="com.example.myapplication"
4    android:versionCode="1"
5    android:versionName="1.0" >
6
7    <uses-sdk
8        android:minSdkVersion="24"
9        android:targetSdkVersion="34" />
10
11    <uses-permission android:name="android.permission.INTERNET" />
11-->src/main/AndroidManifest.xml:4:5-66
11-->src/main/AndroidManifest.xml:4:22-64
12    <uses-permission
12-->src/main/AndroidManifest.xml:5:5-6:38
13        android:name="android.permission.READ_EXTERNAL_STORAGE"
13-->src/main/AndroidManifest.xml:5:22-77
14        android:maxSdkVersion="32" />
14-->src/main/AndroidManifest.xml:6:9-35
15    <uses-permission
15-->src/main/AndroidManifest.xml:7:5-8:38
16        android:name="android.permission.WRITE_EXTERNAL_STORAGE"
16-->src/main/AndroidManifest.xml:7:22-78
17        android:maxSdkVersion="32" />
17-->src/main/AndroidManifest.xml:8:9-35
18    <uses-permission android:name="android.permission.ACCESS_NETWORK_STATE" />
18-->[com.google.firebase:firebase-auth:23.1.0] AndroidManifest.xml:26:5-79
18-->[com.google.firebase:firebase-auth:23.1.0] AndroidManifest.xml:26:22-76
19    <uses-permission android:name="com.google.android.providers.gsf.permission.READ_GSERVICES" />
19-->[com.google.android.recaptcha:recaptcha:18.5.1] AndroidManifest.xml:9:5-98
19-->[com.google.android.recaptcha:recaptcha:18.5.1] AndroidManifest.xml:9:22-95
20    <uses-permission android:name="android.permission.WAKE_LOCK" />
20-->[com.google.android.gms:play-services-measurement-api:22.1.2] AndroidManifest.xml:24:5-68
20-->[com.google.android.gms:play-services-measurement-api:22.1.2] AndroidManifest.xml:24:22-65
21    <uses-permission android:name="com.google.android.gms.permission.AD_ID" />
21-->[com.google.android.gms:play-services-measurement-api:22.1.2] AndroidManifest.xml:25:5-79
21-->[com.google.android.gms:play-services-measurement-api:22.1.2] AndroidManifest.xml:25:22-76
22    <uses-permission android:name="android.permission.ACCESS_ADSERVICES_ATTRIBUTION" />
22-->[com.google.android.gms:play-services-measurement-api:22.1.2] AndroidManifest.xml:26:5-88
22-->[com.google.android.gms:play-services-measurement-api:22.1.2] AndroidManifest.xml:26:22-85
23    <uses-permission android:name="android.permission.ACCESS_ADSERVICES_AD_ID" /> <!-- Required by older versions of Google Play services to create IID tokens -->
23-->[com.google.android.gms:play-services-measurement-api:22.1.2] AndroidManifest.xml:27:5-82
23-->[com.google.android.gms:play-services-measurement-api:22.1.2] AndroidManifest.xml:27:22-79
24    <uses-permission android:name="com.google.android.c2dm.permission.RECEIVE" />
24-->[com.google.firebase:firebase-iid:21.1.0] AndroidManifest.xml:26:5-82
24-->[com.google.firebase:firebase-iid:21.1.0] AndroidManifest.xml:26:22-79
25    <uses-permission android:name="com.google.android.finsky.permission.BIND_GET_INSTALL_REFERRER_SERVICE" />
25-->[com.google.android.gms:play-services-measurement:22.1.2] AndroidManifest.xml:26:5-110
25-->[com.google.android.gms:play-services-measurement:22.1.2] AndroidManifest.xml:26:22-107
26
27    <permission
27-->[androidx.core:core:1.13.1] AndroidManifest.xml:22:5-24:47
28        android:name="com.example.myapplication.DYNAMIC_RECEIVER_NOT_EXPORTED_PERMISSION"
28-->[androidx.core:core:1.13.1] AndroidManifest.xml:23:9-81
29        android:protectionLevel="signature" />
29-->[androidx.core:core:1.13.1] AndroidManifest.xml:24:9-44
30
31    <uses-permission android:name="com.example.myapplication.DYNAMIC_RECEIVER_NOT_EXPORTED_PERMISSION" />
31-->[androidx.core:core:1.13.1] AndroidManifest.xml:26:5-97
31-->[androidx.core:core:1.13.1] AndroidManifest.xml:26:22-94
32
33    <application
33-->src/main/AndroidManifest.xml:10:5-53:19
34        android:allowBackup="true"
34-->src/main/AndroidManifest.xml:11:9-35
35        android:appComponentFactory="androidx.core.app.AppComponentFactory"
35-->src/main/AndroidManifest.xml:22:9-76
36        android:dataExtractionRules="@xml/data_extraction_rules"
36-->src/main/AndroidManifest.xml:12:9-65
37        android:debuggable="true"
38        android:extractNativeLibs="false"
39        android:fullBackupContent="@xml/backup_rules"
39-->src/main/AndroidManifest.xml:13:9-54
40        android:icon="@mipmap/ic_launcher"
40-->src/main/AndroidManifest.xml:14:9-43
41        android:label="@string/app_name"
41-->src/main/AndroidManifest.xml:15:9-41
42        android:networkSecurityConfig="@xml/network_security_config"
42-->src/main/AndroidManifest.xml:23:9-69
43        android:roundIcon="@mipmap/ic_launcher_round"
43-->src/main/AndroidManifest.xml:16:9-54
44        android:supportsRtl="true"
44-->src/main/AndroidManifest.xml:17:9-35
45        android:testOnly="true"
46        android:theme="@style/Theme.MyApplication"
46-->src/main/AndroidManifest.xml:19:9-51
47        android:usesCleartextTraffic="true" >
47-->src/main/AndroidManifest.xml:18:9-44
48        <activity
48-->src/main/AndroidManifest.xml:26:9-34:20
49            android:name="com.example.myapplication.MainActivity"
49-->src/main/AndroidManifest.xml:27:13-41
50            android:exported="true" >
50-->src/main/AndroidManifest.xml:28:13-36
51            <intent-filter>
51-->src/main/AndroidManifest.xml:29:13-33:29
52                <action android:name="android.intent.action.MAIN" />
52-->src/main/AndroidManifest.xml:30:17-69
52-->src/main/AndroidManifest.xml:30:25-66
53
54                <category android:name="android.intent.category.LAUNCHER" />
54-->src/main/AndroidManifest.xml:32:17-77
54-->src/main/AndroidManifest.xml:32:27-74
55            </intent-filter>
56        </activity>
57        <activity android:name="com.example.myapplication.LoginActivity" />
57-->src/main/AndroidManifest.xml:35:9-50
57-->src/main/AndroidManifest.xml:35:19-48
58        <activity android:name="com.example.myapplication.RegisterActivity" />
58-->src/main/AndroidManifest.xml:36:9-53
58-->src/main/AndroidManifest.xml:36:19-51
59        <activity android:name="com.example.myapplication.BidderActivity" />
59-->src/main/AndroidManifest.xml:37:9-54
59-->src/main/AndroidManifest.xml:37:19-51
60        <activity android:name="com.example.myapplication.AdminActivity" />
60-->src/main/AndroidManifest.xml:38:9-51
60-->src/main/AndroidManifest.xml:38:19-48
61        <activity android:name="com.example.myapplication.UserAdminActivity" />
61-->src/main/AndroidManifest.xml:39:9-54
61-->src/main/AndroidManifest.xml:39:19-52
62        <activity android:name="com.example.myapplication.UsageReportsActivity" />
62-->src/main/AndroidManifest.xml:40:9-57
62-->src/main/AndroidManifest.xml:40:19-55
63        <activity android:name="com.example.myapplication.PlaceBidActivity" />
63-->src/main/AndroidManifest.xml:41:9-53
63-->src/main/AndroidManifest.xml:41:19-51
64        <activity android:name="com.example.myapplication.ViewBidsActivity" />
64-->src/main/AndroidManifest.xml:42:9-53
64-->src/main/AndroidManifest.xml:42:19-51
65        <activity android:name="com.example.myapplication.PendingUsersActivity" />
65-->src/main/AndroidManifest.xml:43:9-57
65-->src/main/AndroidManifest.xml:43:19-55
66        <activity android:name="com.example.myapplication.AuctioneerActivity" />
66-->src/main/AndroidManifest.xml:44:9-55
66-->src/main/AndroidManifest.xml:44:19-53
67        <activity android:name="com.example.myapplication.AddPropertyActivity" />
67-->src/main/AndroidManifest.xml:45:9-56
67-->src/main/AndroidManifest.xml:45:19-54
68        <activity android:name="com.example.myapplication.ApproveBidsActivity" />
68-->src/main/AndroidManifest.xml:46:9-56
68-->src/main/AndroidManifest.xml:46:19-54
69        <activity android:name="com.example.myapplication.ViewPropertiesActivity" />
69-->src/main/AndroidManifest.xml:47:9-59
69-->src/main/AndroidManifest.xml:47:19-57
70        <activity android:name="com.example.myapplication.DeployContractsActivity" />
70-->src/main/AndroidManifest.xml:48:9-60
70-->src/main/AndroidManifest.xml:48:19-58
71        <activity android:name="com.example.myapplication.WithdrawBidsActivity" />
71-->src/main/AndroidManifest.xml:49:9-57
71-->src/main/AndroidManifest.xml:49:19-55
72        <activity android:name="com.example.myapplication.AdminContractsActivity" />
72-->src/main/AndroidManifest.xml:50:9-59
72-->src/main/AndroidManifest.xml:50:19-57
73        <activity android:name="com.example.myapplication.IntervalActivity" />
73-->src/main/AndroidManifest.xml:51:9-53
73-->src/main/AndroidManifest.xml:51:19-51
74        <activity android:name="com.example.myapplication.ContractDetailsActivity" />
74-->src/main/AndroidManifest.xml:52:9-60
74-->src/main/AndroidManifest.xml:52:19-58
75        <activity
75-->[com.google.firebase:firebase-auth:23.1.0] AndroidManifest.xml:29:9-46:20
76            android:name="com.google.firebase.auth.internal.GenericIdpActivity"
76-->[com.google.firebase:firebase-auth:23.1.0] AndroidManifest.xml:30:13-80
77            android:excludeFromRecents="true"
77-->[com.google.firebase:firebase-auth:23.1.0] AndroidManifest.xml:31:13-46
78            android:exported="true"
78-->[com.google.firebase:firebase-auth:23.1.0] AndroidManifest.xml:32:13-36
79            android:launchMode="singleTask"
79-->[com.google.firebase:firebase-auth:23.1.0] AndroidManifest.xml:33:13-44
80            android:theme="@android:style/Theme.Translucent.NoTitleBar" >
80-->[com.google.firebase:firebase-auth:23.1.0] AndroidManifest.xml:34:13-72
81            <intent-filter>
81-->[com.google.firebase:firebase-auth:23.1.0] AndroidManifest.xml:35:13-45:29
82                <action android:name="android.intent.action.VIEW" />
82-->[com.google.firebase:firebase-auth:23.1.0] AndroidManifest.xml:36:17-69
82-->[com.google.firebase:firebase-auth:23.1.0] AndroidManifest.xml:36:25-66
83
84                <category android:name="android.intent.category.DEFAULT" />
84-->[com.google.firebase:firebase-auth:23.1.0] AndroidManifest.xml:38:17-76
84-->[com.google.firebase:firebase-auth:23.1.0] AndroidManifest.xml:38:27-73
85                <category android:name="android.intent.category.BROWSABLE" />
85-->[com.google.firebase:firebase-auth:23.1.0] AndroidManifest.xml:39:17-78
85-->[com.google.firebase:firebase-auth:23.1.0] AndroidManifest.xml:39:27-75
86
87                <data
87-->[com.google.firebase:firebase-auth:23.1.0] AndroidManifest.xml:41:17-44:51
88                    android:host="firebase.auth"
88-->[com.google.firebase:firebase-auth:23.1.0] AndroidManifest.xml:42:21-49
89                    android:path="/"
89-->[com.google.firebase:firebase-auth:23.1.0] AndroidManifest.xml:43:21-37
90                    android:scheme="genericidp" />
90-->[com.google.firebase:firebase-auth:23.1.0] AndroidManifest.xml:44:21-48
91            </intent-filter>
92        </activity>
93        <activity
93-->[com.google.firebase:firebase-auth:23.1.0] AndroidManifest.xml:47:9-64:20
94            android:name="com.google.firebase.auth.internal.RecaptchaActivity"
94-->[com.google.firebase:firebase-auth:23.1.0] AndroidManifest.xml:48:13-79
95            android:excludeFromRecents="true"
95-->[com.google.firebase:firebase-auth:23.1.0] AndroidManifest.xml:49:13-46
96            android:exported="true"
96-->[com.google.firebase:firebase-auth:23.1.0] AndroidManifest.xml:50:13-36
97            android:launchMode="singleTask"
97-->[com.google.firebase:firebase-auth:23.1.0] AndroidManifest.xml:51:13-44
98            android:theme="@android:style/Theme.Translucent.NoTitleBar" >
98-->[com.google.firebase:firebase-auth:23.1.0] AndroidManifest.xml:52:13-72
99            <intent-filter>
99-->[com.google.firebase:firebase-auth:23.1.0] AndroidManifest.xml:53:13-63:29
100                <action android:name="android.intent.action.VIEW" />
100-->[com.google.firebase:firebase-auth:23.1.0] AndroidManifest.xml:36:17-69
100-->[com.google.firebase:firebase-auth:23.1.0] AndroidManifest.xml:36:25-66
101
102                <category android:name="android.intent.category.DEFAULT" />
102-->[com.google.firebase:firebase-auth:23.1.0] AndroidManifest.xml:38:17-76
102-->[com.google.firebase:firebase-auth:23.1.0] AndroidManifest.xml:38:27-73
103                <category android:name="android.intent.category.BROWSABLE" />
103-->[com.google.firebase:firebase-auth:23.1.0] AndroidManifest.xml:39:17-78
103-->[com.google.firebase:firebase-auth:23.1.0] AndroidManifest.xml:39:27-75
104
105                <data
105-->[com.google.firebase:firebase-auth:23.1.0] AndroidManifest.xml:41:17-44:51
106                    android:host="firebase.auth"
106-->[com.google.firebase:firebase-auth:23.1.0] AndroidManifest.xml:42:21-49
107                    android:path="/"
107-->[com.google.firebase:firebase-auth:23.1.0] AndroidManifest.xml:43:21-37
108                    android:scheme="recaptcha" />
108-->[com.google.firebase:firebase-auth:23.1.0] AndroidManifest.xml:44:21-48
109            </intent-filter>
110        </activity>
111
112        <service
112-->[com.google.firebase:firebase-auth:23.1.0] AndroidManifest.xml:66:9-72:19
113            android:name="com.google.firebase.components.ComponentDiscoveryService"
113-->[com.google.firebase:firebase-auth:23.1.0] AndroidManifest.xml:67:13-84
114            android:directBootAware="true"
114-->[com.google.firebase:firebase-common:21.0.0] AndroidManifest.xml:32:13-43
115            android:exported="false" >
115-->[com.google.firebase:firebase-auth:23.1.0] AndroidManifest.xml:68:13-37
116            <meta-data
116-->[com.google.firebase:firebase-auth:23.1.0] AndroidManifest.xml:69:13-71:85
117                android:name="com.google.firebase.components:com.google.firebase.auth.FirebaseAuthRegistrar"
117-->[com.google.firebase:firebase-auth:23.1.0] AndroidManifest.xml:70:17-109
118                android:value="com.google.firebase.components.ComponentRegistrar" />
118-->[com.google.firebase:firebase-auth:23.1.0] AndroidManifest.xml:71:17-82
119            <meta-data
119-->[com.google.firebase:firebase-firestore:25.1.1] AndroidManifest.xml:17:13-19:85
120                android:name="com.google.firebase.components:com.google.firebase.firestore.FirebaseFirestoreKtxRegistrar"
120-->[com.google.firebase:firebase-firestore:25.1.1] AndroidManifest.xml:18:17-122
121                android:value="com.google.firebase.components.ComponentRegistrar" />
121-->[com.google.firebase:firebase-firestore:25.1.1] AndroidManifest.xml:19:17-82
122            <meta-data
122-->[com.google.firebase:firebase-firestore:25.1.1] AndroidManifest.xml:20:13-22:85
123                android:name="com.google.firebase.components:com.google.firebase.firestore.FirestoreRegistrar"
123-->[com.google.firebase:firebase-firestore:25.1.1] AndroidManifest.xml:21:17-111
124                android:value="com.google.firebase.components.ComponentRegistrar" />
124-->[com.google.firebase:firebase-firestore:25.1.1] AndroidManifest.xml:22:17-82
125            <meta-data
125-->[com.google.firebase:firebase-functions:21.1.0] AndroidManifest.xml:15:13-17:85
126                android:name="com.google.firebase.components:com.google.firebase.functions.FirebaseFunctionsKtxRegistrar"
126-->[com.google.firebase:firebase-functions:21.1.0] AndroidManifest.xml:16:17-122
127                android:value="com.google.firebase.components.ComponentRegistrar" />
127-->[com.google.firebase:firebase-functions:21.1.0] AndroidManifest.xml:17:17-82
128            <meta-data
128-->[com.google.firebase:firebase-functions:21.1.0] AndroidManifest.xml:18:13-20:85
129                android:name="com.google.firebase.components:com.google.firebase.functions.FunctionsRegistrar"
129-->[com.google.firebase:firebase-functions:21.1.0] AndroidManifest.xml:19:17-111
130                android:value="com.google.firebase.components.ComponentRegistrar" />
130-->[com.google.firebase:firebase-functions:21.1.0] AndroidManifest.xml:20:17-82
131            <meta-data
131-->[com.google.firebase:firebase-database:21.0.0] AndroidManifest.xml:29:13-31:85
132                android:name="com.google.firebase.components:com.google.firebase.database.FirebaseDatabaseKtxRegistrar"
132-->[com.google.firebase:firebase-database:21.0.0] AndroidManifest.xml:30:17-120
133                android:value="com.google.firebase.components.ComponentRegistrar" />
133-->[com.google.firebase:firebase-database:21.0.0] AndroidManifest.xml:31:17-82
134            <meta-data
134-->[com.google.firebase:firebase-database:21.0.0] AndroidManifest.xml:32:13-34:85
135                android:name="com.google.firebase.components:com.google.firebase.database.DatabaseRegistrar"
135-->[com.google.firebase:firebase-database:21.0.0] AndroidManifest.xml:33:17-109
136                android:value="com.google.firebase.components.ComponentRegistrar" />
136-->[com.google.firebase:firebase-database:21.0.0] AndroidManifest.xml:34:17-82
137            <meta-data
137-->[com.google.android.gms:play-services-measurement-api:22.1.2] AndroidManifest.xml:37:13-39:85
138                android:name="com.google.firebase.components:com.google.firebase.analytics.connector.internal.AnalyticsConnectorRegistrar"
138-->[com.google.android.gms:play-services-measurement-api:22.1.2] AndroidManifest.xml:38:17-139
139                android:value="com.google.firebase.components.ComponentRegistrar" />
139-->[com.google.android.gms:play-services-measurement-api:22.1.2] AndroidManifest.xml:39:17-82
140            <meta-data
140-->[com.google.firebase:firebase-iid:21.1.0] AndroidManifest.xml:32:13-34:85
141                android:name="com.google.firebase.components:com.google.firebase.iid.Registrar"
141-->[com.google.firebase:firebase-iid:21.1.0] AndroidManifest.xml:33:17-96
142                android:value="com.google.firebase.components.ComponentRegistrar" />
142-->[com.google.firebase:firebase-iid:21.1.0] AndroidManifest.xml:34:17-82
143            <meta-data
143-->[com.google.firebase:firebase-installations:18.0.0] AndroidManifest.xml:15:13-17:85
144                android:name="com.google.firebase.components:com.google.firebase.installations.FirebaseInstallationsKtxRegistrar"
144-->[com.google.firebase:firebase-installations:18.0.0] AndroidManifest.xml:16:17-130
145                android:value="com.google.firebase.components.ComponentRegistrar" />
145-->[com.google.firebase:firebase-installations:18.0.0] AndroidManifest.xml:17:17-82
146            <meta-data
146-->[com.google.firebase:firebase-installations:18.0.0] AndroidManifest.xml:18:13-20:85
147                android:name="com.google.firebase.components:com.google.firebase.installations.FirebaseInstallationsRegistrar"
147-->[com.google.firebase:firebase-installations:18.0.0] AndroidManifest.xml:19:17-127
148                android:value="com.google.firebase.components.ComponentRegistrar" />
148-->[com.google.firebase:firebase-installations:18.0.0] AndroidManifest.xml:20:17-82
149            <meta-data
149-->[com.google.firebase:firebase-common-ktx:21.0.0] AndroidManifest.xml:12:13-14:85
150                android:name="com.google.firebase.components:com.google.firebase.ktx.FirebaseCommonLegacyRegistrar"
150-->[com.google.firebase:firebase-common-ktx:21.0.0] AndroidManifest.xml:13:17-116
151                android:value="com.google.firebase.components.ComponentRegistrar" />
151-->[com.google.firebase:firebase-common-ktx:21.0.0] AndroidManifest.xml:14:17-82
152            <meta-data
152-->[com.google.firebase:firebase-common:21.0.0] AndroidManifest.xml:35:13-37:85
153                android:name="com.google.firebase.components:com.google.firebase.FirebaseCommonKtxRegistrar"
153-->[com.google.firebase:firebase-common:21.0.0] AndroidManifest.xml:36:17-109
154                android:value="com.google.firebase.components.ComponentRegistrar" />
154-->[com.google.firebase:firebase-common:21.0.0] AndroidManifest.xml:37:17-82
155        </service>
156        <service
156-->[androidx.credentials:credentials-play-services-auth:1.2.0-rc01] AndroidManifest.xml:24:9-32:19
157            android:name="androidx.credentials.playservices.CredentialProviderMetadataHolder"
157-->[androidx.credentials:credentials-play-services-auth:1.2.0-rc01] AndroidManifest.xml:25:13-94
158            android:enabled="true"
158-->[androidx.credentials:credentials-play-services-auth:1.2.0-rc01] AndroidManifest.xml:26:13-35
159            android:exported="false" >
159-->[androidx.credentials:credentials-play-services-auth:1.2.0-rc01] AndroidManifest.xml:27:13-37
160            <meta-data
160-->[androidx.credentials:credentials-play-services-auth:1.2.0-rc01] AndroidManifest.xml:29:13-31:104
161                android:name="androidx.credentials.CREDENTIAL_PROVIDER_KEY"
161-->[androidx.credentials:credentials-play-services-auth:1.2.0-rc01] AndroidManifest.xml:30:17-76
162                android:value="androidx.credentials.playservices.CredentialProviderPlayServicesImpl" />
162-->[androidx.credentials:credentials-play-services-auth:1.2.0-rc01] AndroidManifest.xml:31:17-101
163        </service>
164
165        <activity
165-->[androidx.credentials:credentials-play-services-auth:1.2.0-rc01] AndroidManifest.xml:34:9-41:20
166            android:name="androidx.credentials.playservices.HiddenActivity"
166-->[androidx.credentials:credentials-play-services-auth:1.2.0-rc01] AndroidManifest.xml:35:13-76
167            android:configChanges="orientation|screenSize|screenLayout|keyboardHidden"
167-->[androidx.credentials:credentials-play-services-auth:1.2.0-rc01] AndroidManifest.xml:36:13-87
168            android:enabled="true"
168-->[androidx.credentials:credentials-play-services-auth:1.2.0-rc01] AndroidManifest.xml:37:13-35
169            android:exported="false"
169-->[androidx.credentials:credentials-play-services-auth:1.2.0-rc01] AndroidManifest.xml:38:13-37
170            android:fitsSystemWindows="true"
170-->[androidx.credentials:credentials-play-services-auth:1.2.0-rc01] AndroidManifest.xml:39:13-45
171            android:theme="@style/Theme.Hidden" >
171-->[androidx.credentials:credentials-play-services-auth:1.2.0-rc01] AndroidManifest.xml:40:13-48
172        </activity>
173        <activity
173-->[com.google.android.gms:play-services-auth:20.7.0] AndroidManifest.xml:23:9-27:75
174            android:name="com.google.android.gms.auth.api.signin.internal.SignInHubActivity"
174-->[com.google.android.gms:play-services-auth:20.7.0] AndroidManifest.xml:24:13-93
175            android:excludeFromRecents="true"
175-->[com.google.android.gms:play-services-auth:20.7.0] AndroidManifest.xml:25:13-46
176            android:exported="false"
176-->[com.google.android.gms:play-services-auth:20.7.0] AndroidManifest.xml:26:13-37
177            android:theme="@android:style/Theme.Translucent.NoTitleBar" />
177-->[com.google.android.gms:play-services-auth:20.7.0] AndroidManifest.xml:27:13-72
178        <!--
179            Service handling Google Sign-In user revocation. For apps that do not integrate with
180            Google Sign-In, this service will never be started.
181        -->
182        <service
182-->[com.google.android.gms:play-services-auth:20.7.0] AndroidManifest.xml:33:9-37:51
183            android:name="com.google.android.gms.auth.api.signin.RevocationBoundService"
183-->[com.google.android.gms:play-services-auth:20.7.0] AndroidManifest.xml:34:13-89
184            android:exported="true"
184-->[com.google.android.gms:play-services-auth:20.7.0] AndroidManifest.xml:35:13-36
185            android:permission="com.google.android.gms.auth.api.signin.permission.REVOCATION_NOTIFICATION"
185-->[com.google.android.gms:play-services-auth:20.7.0] AndroidManifest.xml:36:13-107
186            android:visibleToInstantApps="true" />
186-->[com.google.android.gms:play-services-auth:20.7.0] AndroidManifest.xml:37:13-48
187
188        <property
188-->[com.google.android.gms:play-services-measurement-api:22.1.2] AndroidManifest.xml:30:9-32:61
189            android:name="android.adservices.AD_SERVICES_CONFIG"
189-->[com.google.android.gms:play-services-measurement-api:22.1.2] AndroidManifest.xml:31:13-65
190            android:resource="@xml/ga_ad_services_config" />
190-->[com.google.android.gms:play-services-measurement-api:22.1.2] AndroidManifest.xml:32:13-58
191
192        <provider
192-->[com.google.firebase:firebase-common:21.0.0] AndroidManifest.xml:23:9-28:39
193            android:name="com.google.firebase.provider.FirebaseInitProvider"
193-->[com.google.firebase:firebase-common:21.0.0] AndroidManifest.xml:24:13-77
194            android:authorities="com.example.myapplication.firebaseinitprovider"
194-->[com.google.firebase:firebase-common:21.0.0] AndroidManifest.xml:25:13-72
195            android:directBootAware="true"
195-->[com.google.firebase:firebase-common:21.0.0] AndroidManifest.xml:26:13-43
196            android:exported="false"
196-->[com.google.firebase:firebase-common:21.0.0] AndroidManifest.xml:27:13-37
197            android:initOrder="100" />
197-->[com.google.firebase:firebase-common:21.0.0] AndroidManifest.xml:28:13-36
198
199        <receiver
199-->[com.google.android.gms:play-services-measurement:22.1.2] AndroidManifest.xml:29:9-33:20
200            android:name="com.google.android.gms.measurement.AppMeasurementReceiver"
200-->[com.google.android.gms:play-services-measurement:22.1.2] AndroidManifest.xml:30:13-85
201            android:enabled="true"
201-->[com.google.android.gms:play-services-measurement:22.1.2] AndroidManifest.xml:31:13-35
202            android:exported="false" >
202-->[com.google.android.gms:play-services-measurement:22.1.2] AndroidManifest.xml:32:13-37
203        </receiver>
204
205        <service
205-->[com.google.android.gms:play-services-measurement:22.1.2] AndroidManifest.xml:35:9-38:40
206            android:name="com.google.android.gms.measurement.AppMeasurementService"
206-->[com.google.android.gms:play-services-measurement:22.1.2] AndroidManifest.xml:36:13-84
207            android:enabled="true"
207-->[com.google.android.gms:play-services-measurement:22.1.2] AndroidManifest.xml:37:13-35
208            android:exported="false" />
208-->[com.google.android.gms:play-services-measurement:22.1.2] AndroidManifest.xml:38:13-37
209        <service
209-->[com.google.android.gms:play-services-measurement:22.1.2] AndroidManifest.xml:39:9-43:72
210            android:name="com.google.android.gms.measurement.AppMeasurementJobService"
210-->[com.google.android.gms:play-services-measurement:22.1.2] AndroidManifest.xml:40:13-87
211            android:enabled="true"
211-->[com.google.android.gms:play-services-measurement:22.1.2] AndroidManifest.xml:41:13-35
212            android:exported="false"
212-->[com.google.android.gms:play-services-measurement:22.1.2] AndroidManifest.xml:42:13-37
213            android:permission="android.permission.BIND_JOB_SERVICE" />
213-->[com.google.android.gms:play-services-measurement:22.1.2] AndroidManifest.xml:43:13-69
214
215        <uses-library
215-->[androidx.privacysandbox.ads:ads-adservices:1.0.0-beta05] AndroidManifest.xml:23:9-25:40
216            android:name="android.ext.adservices"
216-->[androidx.privacysandbox.ads:ads-adservices:1.0.0-beta05] AndroidManifest.xml:24:13-50
217            android:required="false" />
217-->[androidx.privacysandbox.ads:ads-adservices:1.0.0-beta05] AndroidManifest.xml:25:13-37
218
219        <provider
219-->[androidx.emoji2:emoji2:1.3.0] AndroidManifest.xml:24:9-32:20
220            android:name="androidx.startup.InitializationProvider"
220-->[androidx.emoji2:emoji2:1.3.0] AndroidManifest.xml:25:13-67
221            android:authorities="com.example.myapplication.androidx-startup"
221-->[androidx.emoji2:emoji2:1.3.0] AndroidManifest.xml:26:13-68
222            android:exported="false" >
222-->[androidx.emoji2:emoji2:1.3.0] AndroidManifest.xml:27:13-37
223            <meta-data
223-->[androidx.emoji2:emoji2:1.3.0] AndroidManifest.xml:29:13-31:52
224                android:name="androidx.emoji2.text.EmojiCompatInitializer"
224-->[androidx.emoji2:emoji2:1.3.0] AndroidManifest.xml:30:17-75
225                android:value="androidx.startup" />
225-->[androidx.emoji2:emoji2:1.3.0] AndroidManifest.xml:31:17-49
226            <meta-data
226-->[androidx.lifecycle:lifecycle-process:2.6.2] AndroidManifest.xml:29:13-31:52
227                android:name="androidx.lifecycle.ProcessLifecycleInitializer"
227-->[androidx.lifecycle:lifecycle-process:2.6.2] AndroidManifest.xml:30:17-78
228                android:value="androidx.startup" />
228-->[androidx.lifecycle:lifecycle-process:2.6.2] AndroidManifest.xml:31:17-49
229            <meta-data
229-->[androidx.profileinstaller:profileinstaller:1.3.1] AndroidManifest.xml:29:13-31:52
230                android:name="androidx.profileinstaller.ProfileInstallerInitializer"
230-->[androidx.profileinstaller:profileinstaller:1.3.1] AndroidManifest.xml:30:17-85
231                android:value="androidx.startup" />
231-->[androidx.profileinstaller:profileinstaller:1.3.1] AndroidManifest.xml:31:17-49
232        </provider>
233
234        <activity
234-->[com.google.android.gms:play-services-base:18.5.0] AndroidManifest.xml:5:9-173
235            android:name="com.google.android.gms.common.api.GoogleApiActivity"
235-->[com.google.android.gms:play-services-base:18.5.0] AndroidManifest.xml:5:19-85
236            android:exported="false"
236-->[com.google.android.gms:play-services-base:18.5.0] AndroidManifest.xml:5:146-170
237            android:theme="@android:style/Theme.Translucent.NoTitleBar" />
237-->[com.google.android.gms:play-services-base:18.5.0] AndroidManifest.xml:5:86-145
238
239        <meta-data
239-->[com.google.android.gms:play-services-basement:18.4.0] AndroidManifest.xml:6:9-122
240            android:name="com.google.android.gms.version"
240-->[com.google.android.gms:play-services-basement:18.4.0] AndroidManifest.xml:6:20-65
241            android:value="@integer/google_play_services_version" />
241-->[com.google.android.gms:play-services-basement:18.4.0] AndroidManifest.xml:6:66-119
242